<?xml version="1.0" encoding="utf-8"?><testsuites name="pytest tests"><testsuite name="pytest" errors="0" failures="0" skipped="0" tests="19" time="8.531" timestamp="2026-08-15T21:11:30.588613+00:00" hostname="agent-env-2d714c63-4086-48b9-8fea-352ebf329a2f"><testcase classname="tests.test_progress_v2.TestNewRequirementTypes" name="test_types_eval[body0-True]" time="1.328" /><testcase classname="tests.test_progress_v2.TestMgmt" name="test_duplicate_first_default" time="1.816" /><testcase classname="tests.test_progress_v2.TestNewRequirementTypes" name="test_types_eval[body1-True]" time="0.424" /><testcase classname="tests.test_progress_v2.TestNewRequirementTypes" name="test_types_eval[body2-True]" time="0.355" /><testcase classname="tests.test_progress_v2.TestMgmt" name="test_status_hidden_then_archived_then_visible" time="1.006" /><testcase classname="tests.test_progress_v2.TestNewRequirementTypes" name="test_types_eval[body3-True]" time="0.317" /><testcase classname="tests.test_progress_v2.TestNewRequirementTypes" name="test_types_eval[body4-True]" time="0.308" /><testcase classname="tests.test_progress_v2.TestNewRequirementTypes" name="test_types_eval[body5-True]" time="0.372" /><testcase classname="tests.test_progress_v2.TestMgmt" name="test_reorder" time="0.732" /><testcase classname="tests.test_progress_v2.TestNewRequirementTypes" name="test_types_eval[body6-True]" time="0.325" /><testcase classname="tests.test_progress_v2.TestNewRequirementTypes" name="test_types_eval[body7-True]" time="0.294" /><testcase classname="tests.test_progress_v2.TestMgmt" name="test_cleanup_dup" time="0.149" /><testcase classname="tests.test_progress_v2.TestMultiCondition" name="test_create_multi" time="1.548" /><testcase classname="tests.test_progress_v2.TestNewRequirementTypes" name="test_types_eval[body8-True]" time="0.381" /><testcase classname="tests.test_progress_v2.TestNewRequirementTypes" name="test_cleanup_all" time="1.537" /><testcase classname="tests.test_progress_v2.TestMultiCondition" name="test_progress_evaluates_multi" time="0.153" /><testcase classname="tests.test_progress_v2.TestMultiCondition" name="test_cleanup_multi" time="0.181" /><testcase classname="tests.test_progress_v2.TestEconCalendar" name="test_get_calendar" time="0.805" /><testcase classname="tests.test_progress_v2.TestSummary" name="test_summary_visible_only" time="0.311" /></testsuite></testsuites>