<?xml version="1.0" encoding="utf-8"?><testsuites name="pytest tests"><testsuite name="pytest" errors="0" failures="0" skipped="0" tests="7" time="5.105" timestamp="2026-08-15T20:36:53.554951+00:00" hostname="agent-env-2d714c63-4086-48b9-8fea-352ebf329a2f"><testcase classname="tests.test_media_storage" name="test_login_ok" time="0.477" /><testcase classname="tests.test_media_storage" name="test_upload_image" time="1.639" /><testcase classname="tests.test_media_storage" name="test_upload_video" time="0.878" /><testcase classname="tests.test_media_storage" name="test_upload_rejects_bad_mime" time="0.129" /><testcase classname="tests.test_media_storage" name="test_serve_requires_no_auth_but_valid_token" time="0.128" /><testcase classname="tests.test_media_storage" name="test_upload_endpoint_requires_auth" time="0.135" /><testcase classname="tests.test_media_storage" name="test_reorder_and_persistence" time="1.571" /></testsuite></testsuites>