<?xml version="1.0" encoding="utf-8"?><testsuites name="pytest tests"><testsuite name="pytest" errors="0" failures="0" skipped="0" tests="6" time="2.960" timestamp="2026-08-15T20:51:44.260164+00:00" hostname="agent-env-2d714c63-4086-48b9-8fea-352ebf329a2f"><testcase classname="tests.test_progress.TestProgress" name="test_get_progress_basic" time="0.979" /><testcase classname="tests.test_progress.TestAchievementsCRUD" name="test_list" time="0.147" /><testcase classname="tests.test_progress.TestAchievementsCRUD" name="test_create_custom" time="0.539" /><testcase classname="tests.test_progress.TestAchievementsCRUD" name="test_update" time="0.143" /><testcase classname="tests.test_progress.TestAchievementsCRUD" name="test_delete" time="0.280" /><testcase classname="tests.test_progress.TestProgressSettings" name="test_toggle_achievements_off_then_on" time="0.658" /></testsuite></testsuites>